<?xml version="1.0" encoding="UTF-8" ?>
<testsuite failures="4" time="0.79" errors="0" skipped="0" tests="4" name="com.clashinspector.DependencyServiceTest">
  <properties>
    <property name="idea.version" value="13.1.2"/>
    <property name="java.runtime.name" value="Java(TM) SE Runtime Environment"/>
    <property name="sun.boot.library.path" value="C:\Program Files\Java\jdk1.7.0_15\jre\bin"/>
    <property name="java.vm.version" value="23.7-b01"/>
    <property name="java.vm.vendor" value="Oracle Corporation"/>
    <property name="java.vendor.url" value="http://java.oracle.com/"/>
    <property name="path.separator" value=";"/>
    <property name="guice.disable.misplaced.annotation.check" value="true"/>
    <property name="java.vm.name" value="Java HotSpot(TM) 64-Bit Server VM"/>
    <property name="file.encoding.pkg" value="sun.io"/>
    <property name="idea.launcher.port" value="7536"/>
    <property name="user.script" value=""/>
    <property name="user.country" value="CN"/>
    <property name="sun.java.launcher" value="SUN_STANDARD"/>
    <property name="sun.os.patch.level" value="Service Pack 1"/>
    <property name="java.vm.specification.name" value="Java Virtual Machine Specification"/>
    <property name="user.dir" value="Z:\Maven-Jahresprojekt\maven-director-zhn"/>
    <property name="java.runtime.version" value="1.7.0_15-b03"/>
    <property name="java.awt.graphicsenv" value="sun.awt.Win32GraphicsEnvironment"/>
    <property name="java.endorsed.dirs" value="C:\Program Files\Java\jdk1.7.0_15\jre\lib\endorsed"/>
    <property name="os.arch" value="amd64"/>
    <property name="java.io.tmpdir" value="C:\Users\zhn\AppData\Local\Temp\"/>
    <property name="line.separator" value="
"/>
    <property name="java.vm.specification.vendor" value="Oracle Corporation"/>
    <property name="user.variant" value=""/>
    <property name="os.name" value="Windows 7"/>
    <property name="classworlds.conf" value="C:\Program Files\apache-maven-3.2.1\bin\m2.conf"/>
    <property name="sun.jnu.encoding" value="GBK"/>
    <property name="java.library.path" value="C:\Program Files\Java\jdk1.7.0_15\bin;C:\Windows\Sun\Java\bin;C:\Windows\system32;C:\Windows;C:\Program Files (x86)\Parallels\Parallels Tools\Applications;C:\Windows\system32;C:\Windows;C:\Windows\System32\Wbem;C:\Windows\System32\WindowsPowerShell\v1.0\;C:\Program Files\Java\jdk1.7.0_15\bin;C:\Program Files\jboss-as-7.1.1.Final\bin;C:\Program Files\Java\jdk1.7.0_15\bin;C:\Program Files\jboss-as-7.1.1.Final\bin;C:\Program Files\apache-maven-3.2.1\bin;;."/>
    <property name="java.specification.name" value="Java Platform API Specification"/>
    <property name="java.class.version" value="51.0"/>
    <property name="sun.management.compiler" value="HotSpot 64-Bit Tiered Compilers"/>
    <property name="os.version" value="6.1"/>
    <property name="user.home" value="C:\Users\zhn"/>
    <property name="user.timezone" value="Europe/Prague"/>
    <property name="java.awt.printerjob" value="sun.awt.windows.WPrinterJob"/>
    <property name="java.specification.version" value="1.7"/>
    <property name="idea.launcher.bin.path" value="C:\Program Files (x86)\JetBrains\IntelliJ IDEA Community Edition 13.1.2\bin"/>
    <property name="file.encoding" value="UTF-8"/>
    <property name="user.name" value="zhn"/>
    <property name="java.class.path" value="C:\Program Files\apache-maven-3.2.1\boot\plexus-classworlds-2.5.1.jar;C:\Program Files (x86)\JetBrains\IntelliJ IDEA Community Edition 13.1.2\lib\idea_rt.jar"/>
    <property name="org.slf4j.simpleLogger.defaultLogLevel" value="info"/>
    <property name="java.vm.specification.version" value="1.7"/>
    <property name="sun.arch.data.model" value="64"/>
    <property name="java.home" value="C:\Program Files\Java\jdk1.7.0_15\jre"/>
    <property name="sun.java.command" value="com.intellij.rt.execution.application.AppMain org.codehaus.classworlds.Launcher -Didea.version=13.1.2 install"/>
    <property name="java.specification.vendor" value="Oracle Corporation"/>
    <property name="user.language" value="zh"/>
    <property name="awt.toolkit" value="sun.awt.windows.WToolkit"/>
    <property name="java.vm.info" value="mixed mode"/>
    <property name="java.version" value="1.7.0_15"/>
    <property name="java.ext.dirs" value="C:\Program Files\Java\jdk1.7.0_15\jre\lib\ext;C:\Windows\Sun\Java\lib\ext"/>
    <property name="sun.boot.class.path" value="C:\Program Files\Java\jdk1.7.0_15\jre\lib\resources.jar;C:\Program Files\Java\jdk1.7.0_15\jre\lib\rt.jar;C:\Program Files\Java\jdk1.7.0_15\jre\lib\sunrsasign.jar;C:\Program Files\Java\jdk1.7.0_15\jre\lib\jsse.jar;C:\Program Files\Java\jdk1.7.0_15\jre\lib\jce.jar;C:\Program Files\Java\jdk1.7.0_15\jre\lib\charsets.jar;C:\Program Files\Java\jdk1.7.0_15\jre\lib\jfr.jar;C:\Program Files\Java\jdk1.7.0_15\jre\classes"/>
    <property name="java.vendor" value="Oracle Corporation"/>
    <property name="maven.home" value="C:\Program Files\apache-maven-3.2.1"/>
    <property name="file.separator" value="\"/>
    <property name="java.vendor.url.bug" value="http://bugreport.sun.com/bugreport/"/>
    <property name="sun.cpu.endian" value="little"/>
    <property name="sun.io.unicode.encoding" value="UnicodeLittle"/>
    <property name="sun.desktop" value="windows"/>
    <property name="sun.cpu.isalist" value="amd64"/>
  </properties>
  <testcase time="0.658" classname="com.clashinspector.DependencyServiceTest" name="testTestproject1">
    <failure message="Wrong number of total projects expected:&lt;2&gt; but was:&lt;0&gt;" type="java.lang.AssertionError">java.lang.AssertionError: Wrong number of total projects expected:&lt;2&gt; but was:&lt;0&gt;
	at org.junit.Assert.fail(Assert.java:88)
	at org.junit.Assert.failNotEquals(Assert.java:743)
	at org.junit.Assert.assertEquals(Assert.java:118)
	at org.junit.Assert.assertEquals(Assert.java:555)
	at com.clashinspector.DependencyServiceTest.testTestproject1(DependencyServiceTest.java:102)
	at sun.reflect.NativeMethodAccessorImpl.invoke0(Native Method)
	at sun.reflect.NativeMethodAccessorImpl.invoke(NativeMethodAccessorImpl.java:57)
	at sun.reflect.DelegatingMethodAccessorImpl.invoke(DelegatingMethodAccessorImpl.java:43)
	at java.lang.reflect.Method.invoke(Method.java:601)
	at org.junit.runners.model.FrameworkMethod$1.runReflectiveCall(FrameworkMethod.java:47)
	at org.junit.internal.runners.model.ReflectiveCallable.run(ReflectiveCallable.java:12)
	at org.junit.runners.model.FrameworkMethod.invokeExplosively(FrameworkMethod.java:44)
	at org.junit.internal.runners.statements.InvokeMethod.evaluate(InvokeMethod.java:17)
	at org.junit.internal.runners.statements.RunBefores.evaluate(RunBefores.java:26)
	at org.junit.runners.ParentRunner.runLeaf(ParentRunner.java:271)
	at org.junit.runners.BlockJUnit4ClassRunner.runChild(BlockJUnit4ClassRunner.java:70)
	at org.junit.runners.BlockJUnit4ClassRunner.runChild(BlockJUnit4ClassRunner.java:50)
	at org.junit.runners.ParentRunner$3.run(ParentRunner.java:238)
	at org.junit.runners.ParentRunner$1.schedule(ParentRunner.java:63)
	at org.junit.runners.ParentRunner.runChildren(ParentRunner.java:236)
	at org.junit.runners.ParentRunner.access$000(ParentRunner.java:53)
	at org.junit.runners.ParentRunner$2.evaluate(ParentRunner.java:229)
	at org.junit.runners.ParentRunner.run(ParentRunner.java:309)
	at org.apache.maven.surefire.junit4.JUnit4Provider.execute(JUnit4Provider.java:252)
	at org.apache.maven.surefire.junit4.JUnit4Provider.executeTestSet(JUnit4Provider.java:141)
	at org.apache.maven.surefire.junit4.JUnit4Provider.invoke(JUnit4Provider.java:112)
	at sun.reflect.NativeMethodAccessorImpl.invoke0(Native Method)
	at sun.reflect.NativeMethodAccessorImpl.invoke(NativeMethodAccessorImpl.java:57)
	at sun.reflect.DelegatingMethodAccessorImpl.invoke(DelegatingMethodAccessorImpl.java:43)
	at java.lang.reflect.Method.invoke(Method.java:601)
	at org.apache.maven.surefire.util.ReflectionUtils.invokeMethodWithArray(ReflectionUtils.java:189)
	at org.apache.maven.surefire.booter.ProviderFactory$ProviderProxy.invoke(ProviderFactory.java:165)
	at org.apache.maven.surefire.booter.ProviderFactory.invokeProvider(ProviderFactory.java:85)
	at org.apache.maven.surefire.booter.ForkedBooter.runSuitesInProcess(ForkedBooter.java:115)
	at org.apache.maven.surefire.booter.ForkedBooter.main(ForkedBooter.java:75)
</failure>
    <system-err>SLF4J: Failed to load class &quot;org.slf4j.impl.StaticLoggerBinder&quot;.
SLF4J: Defaulting to no-operation (NOP) logger implementation
SLF4J: See http://www.slf4j.org/codes.html#StaticLoggerBinder for further details.
java.lang.IllegalArgumentException: transporter provider has not been specified
	at org.eclipse.aether.connector.basic.BasicRepositoryConnectorFactory.setTransporterProvider(BasicRepositoryConnectorFactory.java:113)
	at org.eclipse.aether.connector.basic.BasicRepositoryConnectorFactory.initService(BasicRepositoryConnectorFactory.java:80)
	at org.eclipse.aether.impl.DefaultServiceLocator$Entry.newInstance(DefaultServiceLocator.java:163)
	at org.eclipse.aether.impl.DefaultServiceLocator$Entry.getInstances(DefaultServiceLocator.java:133)
	at org.eclipse.aether.impl.DefaultServiceLocator.getServices(DefaultServiceLocator.java:285)
	at org.eclipse.aether.internal.impl.DefaultRepositoryConnectorProvider.initService(DefaultRepositoryConnectorProvider.java:80)
	at org.eclipse.aether.impl.DefaultServiceLocator$Entry.newInstance(DefaultServiceLocator.java:163)
	at org.eclipse.aether.impl.DefaultServiceLocator$Entry.getInstances(DefaultServiceLocator.java:133)
	at org.eclipse.aether.impl.DefaultServiceLocator$Entry.getInstance(DefaultServiceLocator.java:119)
	at org.eclipse.aether.impl.DefaultServiceLocator.getService(DefaultServiceLocator.java:279)
	at org.eclipse.aether.internal.impl.DefaultMetadataResolver.initService(DefaultMetadataResolver.java:125)
	at org.eclipse.aether.impl.DefaultServiceLocator$Entry.newInstance(DefaultServiceLocator.java:163)
	at org.eclipse.aether.impl.DefaultServiceLocator$Entry.getInstances(DefaultServiceLocator.java:133)
	at org.eclipse.aether.impl.DefaultServiceLocator$Entry.getInstance(DefaultServiceLocator.java:119)
	at org.eclipse.aether.impl.DefaultServiceLocator.getService(DefaultServiceLocator.java:279)
	at org.apache.maven.repository.internal.DefaultVersionResolver.initService(DefaultVersionResolver.java:121)
	at org.eclipse.aether.impl.DefaultServiceLocator$Entry.newInstance(DefaultServiceLocator.java:163)
	at org.eclipse.aether.impl.DefaultServiceLocator$Entry.getInstances(DefaultServiceLocator.java:133)
	at org.eclipse.aether.impl.DefaultServiceLocator$Entry.getInstance(DefaultServiceLocator.java:119)
	at org.eclipse.aether.impl.DefaultServiceLocator.getService(DefaultServiceLocator.java:279)
	at org.eclipse.aether.internal.impl.DefaultRepositorySystem.initService(DefaultRepositorySystem.java:145)
	at org.eclipse.aether.impl.DefaultServiceLocator$Entry.newInstance(DefaultServiceLocator.java:163)
	at org.eclipse.aether.impl.DefaultServiceLocator$Entry.getInstances(DefaultServiceLocator.java:133)
	at org.eclipse.aether.impl.DefaultServiceLocator$Entry.getInstance(DefaultServiceLocator.java:119)
	at org.eclipse.aether.impl.DefaultServiceLocator.getService(DefaultServiceLocator.java:279)
	at com.clashinspector.ManualRepositorySystemFactory.newRepositorySystem(ManualRepositorySystemFactory.java:46)
	at com.clashinspector.DependencyServiceTest.init(DependencyServiceTest.java:44)
	at sun.reflect.NativeMethodAccessorImpl.invoke0(Native Method)
	at sun.reflect.NativeMethodAccessorImpl.invoke(NativeMethodAccessorImpl.java:57)
	at sun.reflect.DelegatingMethodAccessorImpl.invoke(DelegatingMethodAccessorImpl.java:43)
	at java.lang.reflect.Method.invoke(Method.java:601)
	at org.junit.runners.model.FrameworkMethod$1.runReflectiveCall(FrameworkMethod.java:47)
	at org.junit.internal.runners.model.ReflectiveCallable.run(ReflectiveCallable.java:12)
	at org.junit.runners.model.FrameworkMethod.invokeExplosively(FrameworkMethod.java:44)
	at org.junit.internal.runners.statements.RunBefores.evaluate(RunBefores.java:24)
	at org.junit.runners.ParentRunner.runLeaf(ParentRunner.java:271)
	at org.junit.runners.BlockJUnit4ClassRunner.runChild(BlockJUnit4ClassRunner.java:70)
	at org.junit.runners.BlockJUnit4ClassRunner.runChild(BlockJUnit4ClassRunner.java:50)
	at org.junit.runners.ParentRunner$3.run(ParentRunner.java:238)
	at org.junit.runners.ParentRunner$1.schedule(ParentRunner.java:63)
	at org.junit.runners.ParentRunner.runChildren(ParentRunner.java:236)
	at org.junit.runners.ParentRunner.access$000(ParentRunner.java:53)
	at org.junit.runners.ParentRunner$2.evaluate(ParentRunner.java:229)
	at org.junit.runners.ParentRunner.run(ParentRunner.java:309)
	at org.apache.maven.surefire.junit4.JUnit4Provider.execute(JUnit4Provider.java:252)
	at org.apache.maven.surefire.junit4.JUnit4Provider.executeTestSet(JUnit4Provider.java:141)
	at org.apache.maven.surefire.junit4.JUnit4Provider.invoke(JUnit4Provider.java:112)
	at sun.reflect.NativeMethodAccessorImpl.invoke0(Native Method)
	at sun.reflect.NativeMethodAccessorImpl.invoke(NativeMethodAccessorImpl.java:57)
	at sun.reflect.DelegatingMethodAccessorImpl.invoke(DelegatingMethodAccessorImpl.java:43)
	at java.lang.reflect.Method.invoke(Method.java:601)
	at org.apache.maven.surefire.util.ReflectionUtils.invokeMethodWithArray(ReflectionUtils.java:189)
	at org.apache.maven.surefire.booter.ProviderFactory$ProviderProxy.invoke(ProviderFactory.java:165)
	at org.apache.maven.surefire.booter.ProviderFactory.invokeProvider(ProviderFactory.java:85)
	at org.apache.maven.surefire.booter.ForkedBooter.runSuitesInProcess(ForkedBooter.java:115)
	at org.apache.maven.surefire.booter.ForkedBooter.main(ForkedBooter.java:75)
</system-err>
  </testcase>
  <testcase time="0.05" classname="com.clashinspector.DependencyServiceTest" name="testTestproject2">
    <failure message="Wrong number of total projects expected:&lt;2&gt; but was:&lt;0&gt;" type="java.lang.AssertionError">java.lang.AssertionError: Wrong number of total projects expected:&lt;2&gt; but was:&lt;0&gt;
	at org.junit.Assert.fail(Assert.java:88)
	at org.junit.Assert.failNotEquals(Assert.java:743)
	at org.junit.Assert.assertEquals(Assert.java:118)
	at org.junit.Assert.assertEquals(Assert.java:555)
	at com.clashinspector.DependencyServiceTest.testTestproject2(DependencyServiceTest.java:135)
	at sun.reflect.NativeMethodAccessorImpl.invoke0(Native Method)
	at sun.reflect.NativeMethodAccessorImpl.invoke(NativeMethodAccessorImpl.java:57)
	at sun.reflect.DelegatingMethodAccessorImpl.invoke(DelegatingMethodAccessorImpl.java:43)
	at java.lang.reflect.Method.invoke(Method.java:601)
	at org.junit.runners.model.FrameworkMethod$1.runReflectiveCall(FrameworkMethod.java:47)
	at org.junit.internal.runners.model.ReflectiveCallable.run(ReflectiveCallable.java:12)
	at org.junit.runners.model.FrameworkMethod.invokeExplosively(FrameworkMethod.java:44)
	at org.junit.internal.runners.statements.InvokeMethod.evaluate(InvokeMethod.java:17)
	at org.junit.internal.runners.statements.RunBefores.evaluate(RunBefores.java:26)
	at org.junit.runners.ParentRunner.runLeaf(ParentRunner.java:271)
	at org.junit.runners.BlockJUnit4ClassRunner.runChild(BlockJUnit4ClassRunner.java:70)
	at org.junit.runners.BlockJUnit4ClassRunner.runChild(BlockJUnit4ClassRunner.java:50)
	at org.junit.runners.ParentRunner$3.run(ParentRunner.java:238)
	at org.junit.runners.ParentRunner$1.schedule(ParentRunner.java:63)
	at org.junit.runners.ParentRunner.runChildren(ParentRunner.java:236)
	at org.junit.runners.ParentRunner.access$000(ParentRunner.java:53)
	at org.junit.runners.ParentRunner$2.evaluate(ParentRunner.java:229)
	at org.junit.runners.ParentRunner.run(ParentRunner.java:309)
	at org.apache.maven.surefire.junit4.JUnit4Provider.execute(JUnit4Provider.java:252)
	at org.apache.maven.surefire.junit4.JUnit4Provider.executeTestSet(JUnit4Provider.java:141)
	at org.apache.maven.surefire.junit4.JUnit4Provider.invoke(JUnit4Provider.java:112)
	at sun.reflect.NativeMethodAccessorImpl.invoke0(Native Method)
	at sun.reflect.NativeMethodAccessorImpl.invoke(NativeMethodAccessorImpl.java:57)
	at sun.reflect.DelegatingMethodAccessorImpl.invoke(DelegatingMethodAccessorImpl.java:43)
	at java.lang.reflect.Method.invoke(Method.java:601)
	at org.apache.maven.surefire.util.ReflectionUtils.invokeMethodWithArray(ReflectionUtils.java:189)
	at org.apache.maven.surefire.booter.ProviderFactory$ProviderProxy.invoke(ProviderFactory.java:165)
	at org.apache.maven.surefire.booter.ProviderFactory.invokeProvider(ProviderFactory.java:85)
	at org.apache.maven.surefire.booter.ForkedBooter.runSuitesInProcess(ForkedBooter.java:115)
	at org.apache.maven.surefire.booter.ForkedBooter.main(ForkedBooter.java:75)
</failure>
    <system-err>java.lang.IllegalArgumentException: transporter provider has not been specified
	at org.eclipse.aether.connector.basic.BasicRepositoryConnectorFactory.setTransporterProvider(BasicRepositoryConnectorFactory.java:113)
	at org.eclipse.aether.connector.basic.BasicRepositoryConnectorFactory.initService(BasicRepositoryConnectorFactory.java:80)
	at org.eclipse.aether.impl.DefaultServiceLocator$Entry.newInstance(DefaultServiceLocator.java:163)
	at org.eclipse.aether.impl.DefaultServiceLocator$Entry.getInstances(DefaultServiceLocator.java:133)
	at org.eclipse.aether.impl.DefaultServiceLocator.getServices(DefaultServiceLocator.java:285)
	at org.eclipse.aether.internal.impl.DefaultRepositoryConnectorProvider.initService(DefaultRepositoryConnectorProvider.java:80)
	at org.eclipse.aether.impl.DefaultServiceLocator$Entry.newInstance(DefaultServiceLocator.java:163)
	at org.eclipse.aether.impl.DefaultServiceLocator$Entry.getInstances(DefaultServiceLocator.java:133)
	at org.eclipse.aether.impl.DefaultServiceLocator$Entry.getInstance(DefaultServiceLocator.java:119)
	at org.eclipse.aether.impl.DefaultServiceLocator.getService(DefaultServiceLocator.java:279)
	at org.eclipse.aether.internal.impl.DefaultMetadataResolver.initService(DefaultMetadataResolver.java:125)
	at org.eclipse.aether.impl.DefaultServiceLocator$Entry.newInstance(DefaultServiceLocator.java:163)
	at org.eclipse.aether.impl.DefaultServiceLocator$Entry.getInstances(DefaultServiceLocator.java:133)
	at org.eclipse.aether.impl.DefaultServiceLocator$Entry.getInstance(DefaultServiceLocator.java:119)
	at org.eclipse.aether.impl.DefaultServiceLocator.getService(DefaultServiceLocator.java:279)
	at org.apache.maven.repository.internal.DefaultVersionResolver.initService(DefaultVersionResolver.java:121)
	at org.eclipse.aether.impl.DefaultServiceLocator$Entry.newInstance(DefaultServiceLocator.java:163)
	at org.eclipse.aether.impl.DefaultServiceLocator$Entry.getInstances(DefaultServiceLocator.java:133)
	at org.eclipse.aether.impl.DefaultServiceLocator$Entry.getInstance(DefaultServiceLocator.java:119)
	at org.eclipse.aether.impl.DefaultServiceLocator.getService(DefaultServiceLocator.java:279)
	at org.eclipse.aether.internal.impl.DefaultRepositorySystem.initService(DefaultRepositorySystem.java:145)
	at org.eclipse.aether.impl.DefaultServiceLocator$Entry.newInstance(DefaultServiceLocator.java:163)
	at org.eclipse.aether.impl.DefaultServiceLocator$Entry.getInstances(DefaultServiceLocator.java:133)
	at org.eclipse.aether.impl.DefaultServiceLocator$Entry.getInstance(DefaultServiceLocator.java:119)
	at org.eclipse.aether.impl.DefaultServiceLocator.getService(DefaultServiceLocator.java:279)
	at com.clashinspector.ManualRepositorySystemFactory.newRepositorySystem(ManualRepositorySystemFactory.java:46)
	at com.clashinspector.DependencyServiceTest.init(DependencyServiceTest.java:44)
	at sun.reflect.NativeMethodAccessorImpl.invoke0(Native Method)
	at sun.reflect.NativeMethodAccessorImpl.invoke(NativeMethodAccessorImpl.java:57)
	at sun.reflect.DelegatingMethodAccessorImpl.invoke(DelegatingMethodAccessorImpl.java:43)
	at java.lang.reflect.Method.invoke(Method.java:601)
	at org.junit.runners.model.FrameworkMethod$1.runReflectiveCall(FrameworkMethod.java:47)
	at org.junit.internal.runners.model.ReflectiveCallable.run(ReflectiveCallable.java:12)
	at org.junit.runners.model.FrameworkMethod.invokeExplosively(FrameworkMethod.java:44)
	at org.junit.internal.runners.statements.RunBefores.evaluate(RunBefores.java:24)
	at org.junit.runners.ParentRunner.runLeaf(ParentRunner.java:271)
	at org.junit.runners.BlockJUnit4ClassRunner.runChild(BlockJUnit4ClassRunner.java:70)
	at org.junit.runners.BlockJUnit4ClassRunner.runChild(BlockJUnit4ClassRunner.java:50)
	at org.junit.runners.ParentRunner$3.run(ParentRunner.java:238)
	at org.junit.runners.ParentRunner$1.schedule(ParentRunner.java:63)
	at org.junit.runners.ParentRunner.runChildren(ParentRunner.java:236)
	at org.junit.runners.ParentRunner.access$000(ParentRunner.java:53)
	at org.junit.runners.ParentRunner$2.evaluate(ParentRunner.java:229)
	at org.junit.runners.ParentRunner.run(ParentRunner.java:309)
	at org.apache.maven.surefire.junit4.JUnit4Provider.execute(JUnit4Provider.java:252)
	at org.apache.maven.surefire.junit4.JUnit4Provider.executeTestSet(JUnit4Provider.java:141)
	at org.apache.maven.surefire.junit4.JUnit4Provider.invoke(JUnit4Provider.java:112)
	at sun.reflect.NativeMethodAccessorImpl.invoke0(Native Method)
	at sun.reflect.NativeMethodAccessorImpl.invoke(NativeMethodAccessorImpl.java:57)
	at sun.reflect.DelegatingMethodAccessorImpl.invoke(DelegatingMethodAccessorImpl.java:43)
	at java.lang.reflect.Method.invoke(Method.java:601)
	at org.apache.maven.surefire.util.ReflectionUtils.invokeMethodWithArray(ReflectionUtils.java:189)
	at org.apache.maven.surefire.booter.ProviderFactory$ProviderProxy.invoke(ProviderFactory.java:165)
	at org.apache.maven.surefire.booter.ProviderFactory.invokeProvider(ProviderFactory.java:85)
	at org.apache.maven.surefire.booter.ForkedBooter.runSuitesInProcess(ForkedBooter.java:115)
	at org.apache.maven.surefire.booter.ForkedBooter.main(ForkedBooter.java:75)
</system-err>
  </testcase>
  <testcase time="0.081" classname="com.clashinspector.DependencyServiceTest" name="testTestproject3">
    <failure message="Wrong number of total projects expected:&lt;2&gt; but was:&lt;0&gt;" type="java.lang.AssertionError">java.lang.AssertionError: Wrong number of total projects expected:&lt;2&gt; but was:&lt;0&gt;
	at org.junit.Assert.fail(Assert.java:88)
	at org.junit.Assert.failNotEquals(Assert.java:743)
	at org.junit.Assert.assertEquals(Assert.java:118)
	at org.junit.Assert.assertEquals(Assert.java:555)
	at com.clashinspector.DependencyServiceTest.testTestproject3(DependencyServiceTest.java:166)
	at sun.reflect.NativeMethodAccessorImpl.invoke0(Native Method)
	at sun.reflect.NativeMethodAccessorImpl.invoke(NativeMethodAccessorImpl.java:57)
	at sun.reflect.DelegatingMethodAccessorImpl.invoke(DelegatingMethodAccessorImpl.java:43)
	at java.lang.reflect.Method.invoke(Method.java:601)
	at org.junit.runners.model.FrameworkMethod$1.runReflectiveCall(FrameworkMethod.java:47)
	at org.junit.internal.runners.model.ReflectiveCallable.run(ReflectiveCallable.java:12)
	at org.junit.runners.model.FrameworkMethod.invokeExplosively(FrameworkMethod.java:44)
	at org.junit.internal.runners.statements.InvokeMethod.evaluate(InvokeMethod.java:17)
	at org.junit.internal.runners.statements.RunBefores.evaluate(RunBefores.java:26)
	at org.junit.runners.ParentRunner.runLeaf(ParentRunner.java:271)
	at org.junit.runners.BlockJUnit4ClassRunner.runChild(BlockJUnit4ClassRunner.java:70)
	at org.junit.runners.BlockJUnit4ClassRunner.runChild(BlockJUnit4ClassRunner.java:50)
	at org.junit.runners.ParentRunner$3.run(ParentRunner.java:238)
	at org.junit.runners.ParentRunner$1.schedule(ParentRunner.java:63)
	at org.junit.runners.ParentRunner.runChildren(ParentRunner.java:236)
	at org.junit.runners.ParentRunner.access$000(ParentRunner.java:53)
	at org.junit.runners.ParentRunner$2.evaluate(ParentRunner.java:229)
	at org.junit.runners.ParentRunner.run(ParentRunner.java:309)
	at org.apache.maven.surefire.junit4.JUnit4Provider.execute(JUnit4Provider.java:252)
	at org.apache.maven.surefire.junit4.JUnit4Provider.executeTestSet(JUnit4Provider.java:141)
	at org.apache.maven.surefire.junit4.JUnit4Provider.invoke(JUnit4Provider.java:112)
	at sun.reflect.NativeMethodAccessorImpl.invoke0(Native Method)
	at sun.reflect.NativeMethodAccessorImpl.invoke(NativeMethodAccessorImpl.java:57)
	at sun.reflect.DelegatingMethodAccessorImpl.invoke(DelegatingMethodAccessorImpl.java:43)
	at java.lang.reflect.Method.invoke(Method.java:601)
	at org.apache.maven.surefire.util.ReflectionUtils.invokeMethodWithArray(ReflectionUtils.java:189)
	at org.apache.maven.surefire.booter.ProviderFactory$ProviderProxy.invoke(ProviderFactory.java:165)
	at org.apache.maven.surefire.booter.ProviderFactory.invokeProvider(ProviderFactory.java:85)
	at org.apache.maven.surefire.booter.ForkedBooter.runSuitesInProcess(ForkedBooter.java:115)
	at org.apache.maven.surefire.booter.ForkedBooter.main(ForkedBooter.java:75)
</failure>
    <system-err>java.lang.IllegalArgumentException: transporter provider has not been specified
	at org.eclipse.aether.connector.basic.BasicRepositoryConnectorFactory.setTransporterProvider(BasicRepositoryConnectorFactory.java:113)
	at org.eclipse.aether.connector.basic.BasicRepositoryConnectorFactory.initService(BasicRepositoryConnectorFactory.java:80)
	at org.eclipse.aether.impl.DefaultServiceLocator$Entry.newInstance(DefaultServiceLocator.java:163)
	at org.eclipse.aether.impl.DefaultServiceLocator$Entry.getInstances(DefaultServiceLocator.java:133)
	at org.eclipse.aether.impl.DefaultServiceLocator.getServices(DefaultServiceLocator.java:285)
	at org.eclipse.aether.internal.impl.DefaultRepositoryConnectorProvider.initService(DefaultRepositoryConnectorProvider.java:80)
	at org.eclipse.aether.impl.DefaultServiceLocator$Entry.newInstance(DefaultServiceLocator.java:163)
	at org.eclipse.aether.impl.DefaultServiceLocator$Entry.getInstances(DefaultServiceLocator.java:133)
	at org.eclipse.aether.impl.DefaultServiceLocator$Entry.getInstance(DefaultServiceLocator.java:119)
	at org.eclipse.aether.impl.DefaultServiceLocator.getService(DefaultServiceLocator.java:279)
	at org.eclipse.aether.internal.impl.DefaultMetadataResolver.initService(DefaultMetadataResolver.java:125)
	at org.eclipse.aether.impl.DefaultServiceLocator$Entry.newInstance(DefaultServiceLocator.java:163)
	at org.eclipse.aether.impl.DefaultServiceLocator$Entry.getInstances(DefaultServiceLocator.java:133)
	at org.eclipse.aether.impl.DefaultServiceLocator$Entry.getInstance(DefaultServiceLocator.java:119)
	at org.eclipse.aether.impl.DefaultServiceLocator.getService(DefaultServiceLocator.java:279)
	at org.apache.maven.repository.internal.DefaultVersionResolver.initService(DefaultVersionResolver.java:121)
	at org.eclipse.aether.impl.DefaultServiceLocator$Entry.newInstance(DefaultServiceLocator.java:163)
	at org.eclipse.aether.impl.DefaultServiceLocator$Entry.getInstances(DefaultServiceLocator.java:133)
	at org.eclipse.aether.impl.DefaultServiceLocator$Entry.getInstance(DefaultServiceLocator.java:119)
	at org.eclipse.aether.impl.DefaultServiceLocator.getService(DefaultServiceLocator.java:279)
	at org.eclipse.aether.internal.impl.DefaultRepositorySystem.initService(DefaultRepositorySystem.java:145)
	at org.eclipse.aether.impl.DefaultServiceLocator$Entry.newInstance(DefaultServiceLocator.java:163)
	at org.eclipse.aether.impl.DefaultServiceLocator$Entry.getInstances(DefaultServiceLocator.java:133)
	at org.eclipse.aether.impl.DefaultServiceLocator$Entry.getInstance(DefaultServiceLocator.java:119)
	at org.eclipse.aether.impl.DefaultServiceLocator.getService(DefaultServiceLocator.java:279)
	at com.clashinspector.ManualRepositorySystemFactory.newRepositorySystem(ManualRepositorySystemFactory.java:46)
	at com.clashinspector.DependencyServiceTest.init(DependencyServiceTest.java:44)
	at sun.reflect.NativeMethodAccessorImpl.invoke0(Native Method)
	at sun.reflect.NativeMethodAccessorImpl.invoke(NativeMethodAccessorImpl.java:57)
	at sun.reflect.DelegatingMethodAccessorImpl.invoke(DelegatingMethodAccessorImpl.java:43)
	at java.lang.reflect.Method.invoke(Method.java:601)
	at org.junit.runners.model.FrameworkMethod$1.runReflectiveCall(FrameworkMethod.java:47)
	at org.junit.internal.runners.model.ReflectiveCallable.run(ReflectiveCallable.java:12)
	at org.junit.runners.model.FrameworkMethod.invokeExplosively(FrameworkMethod.java:44)
	at org.junit.internal.runners.statements.RunBefores.evaluate(RunBefores.java:24)
	at org.junit.runners.ParentRunner.runLeaf(ParentRunner.java:271)
	at org.junit.runners.BlockJUnit4ClassRunner.runChild(BlockJUnit4ClassRunner.java:70)
	at org.junit.runners.BlockJUnit4ClassRunner.runChild(BlockJUnit4ClassRunner.java:50)
	at org.junit.runners.ParentRunner$3.run(ParentRunner.java:238)
	at org.junit.runners.ParentRunner$1.schedule(ParentRunner.java:63)
	at org.junit.runners.ParentRunner.runChildren(ParentRunner.java:236)
	at org.junit.runners.ParentRunner.access$000(ParentRunner.java:53)
	at org.junit.runners.ParentRunner$2.evaluate(ParentRunner.java:229)
	at org.junit.runners.ParentRunner.run(ParentRunner.java:309)
	at org.apache.maven.surefire.junit4.JUnit4Provider.execute(JUnit4Provider.java:252)
	at org.apache.maven.surefire.junit4.JUnit4Provider.executeTestSet(JUnit4Provider.java:141)
	at org.apache.maven.surefire.junit4.JUnit4Provider.invoke(JUnit4Provider.java:112)
	at sun.reflect.NativeMethodAccessorImpl.invoke0(Native Method)
	at sun.reflect.NativeMethodAccessorImpl.invoke(NativeMethodAccessorImpl.java:57)
	at sun.reflect.DelegatingMethodAccessorImpl.invoke(DelegatingMethodAccessorImpl.java:43)
	at java.lang.reflect.Method.invoke(Method.java:601)
	at org.apache.maven.surefire.util.ReflectionUtils.invokeMethodWithArray(ReflectionUtils.java:189)
	at org.apache.maven.surefire.booter.ProviderFactory$ProviderProxy.invoke(ProviderFactory.java:165)
	at org.apache.maven.surefire.booter.ProviderFactory.invokeProvider(ProviderFactory.java:85)
	at org.apache.maven.surefire.booter.ForkedBooter.runSuitesInProcess(ForkedBooter.java:115)
	at org.apache.maven.surefire.booter.ForkedBooter.main(ForkedBooter.java:75)
</system-err>
  </testcase>
  <testcase time="0.001" classname="com.clashinspector.DependencyServiceTest" name="testTestproject4">
    <failure message="Wrong number of total projects expected:&lt;4&gt; but was:&lt;0&gt;" type="java.lang.AssertionError">java.lang.AssertionError: Wrong number of total projects expected:&lt;4&gt; but was:&lt;0&gt;
	at org.junit.Assert.fail(Assert.java:88)
	at org.junit.Assert.failNotEquals(Assert.java:743)
	at org.junit.Assert.assertEquals(Assert.java:118)
	at org.junit.Assert.assertEquals(Assert.java:555)
	at com.clashinspector.DependencyServiceTest.testTestproject4(DependencyServiceTest.java:199)
	at sun.reflect.NativeMethodAccessorImpl.invoke0(Native Method)
	at sun.reflect.NativeMethodAccessorImpl.invoke(NativeMethodAccessorImpl.java:57)
	at sun.reflect.DelegatingMethodAccessorImpl.invoke(DelegatingMethodAccessorImpl.java:43)
	at java.lang.reflect.Method.invoke(Method.java:601)
	at org.junit.runners.model.FrameworkMethod$1.runReflectiveCall(FrameworkMethod.java:47)
	at org.junit.internal.runners.model.ReflectiveCallable.run(ReflectiveCallable.java:12)
	at org.junit.runners.model.FrameworkMethod.invokeExplosively(FrameworkMethod.java:44)
	at org.junit.internal.runners.statements.InvokeMethod.evaluate(InvokeMethod.java:17)
	at org.junit.internal.runners.statements.RunBefores.evaluate(RunBefores.java:26)
	at org.junit.runners.ParentRunner.runLeaf(ParentRunner.java:271)
	at org.junit.runners.BlockJUnit4ClassRunner.runChild(BlockJUnit4ClassRunner.java:70)
	at org.junit.runners.BlockJUnit4ClassRunner.runChild(BlockJUnit4ClassRunner.java:50)
	at org.junit.runners.ParentRunner$3.run(ParentRunner.java:238)
	at org.junit.runners.ParentRunner$1.schedule(ParentRunner.java:63)
	at org.junit.runners.ParentRunner.runChildren(ParentRunner.java:236)
	at org.junit.runners.ParentRunner.access$000(ParentRunner.java:53)
	at org.junit.runners.ParentRunner$2.evaluate(ParentRunner.java:229)
	at org.junit.runners.ParentRunner.run(ParentRunner.java:309)
	at org.apache.maven.surefire.junit4.JUnit4Provider.execute(JUnit4Provider.java:252)
	at org.apache.maven.surefire.junit4.JUnit4Provider.executeTestSet(JUnit4Provider.java:141)
	at org.apache.maven.surefire.junit4.JUnit4Provider.invoke(JUnit4Provider.java:112)
	at sun.reflect.NativeMethodAccessorImpl.invoke0(Native Method)
	at sun.reflect.NativeMethodAccessorImpl.invoke(NativeMethodAccessorImpl.java:57)
	at sun.reflect.DelegatingMethodAccessorImpl.invoke(DelegatingMethodAccessorImpl.java:43)
	at java.lang.reflect.Method.invoke(Method.java:601)
	at org.apache.maven.surefire.util.ReflectionUtils.invokeMethodWithArray(ReflectionUtils.java:189)
	at org.apache.maven.surefire.booter.ProviderFactory$ProviderProxy.invoke(ProviderFactory.java:165)
	at org.apache.maven.surefire.booter.ProviderFactory.invokeProvider(ProviderFactory.java:85)
	at org.apache.maven.surefire.booter.ForkedBooter.runSuitesInProcess(ForkedBooter.java:115)
	at org.apache.maven.surefire.booter.ForkedBooter.main(ForkedBooter.java:75)
</failure>
    <system-err>java.lang.IllegalArgumentException: transporter provider has not been specified
	at org.eclipse.aether.connector.basic.BasicRepositoryConnectorFactory.setTransporterProvider(BasicRepositoryConnectorFactory.java:113)
	at org.eclipse.aether.connector.basic.BasicRepositoryConnectorFactory.initService(BasicRepositoryConnectorFactory.java:80)
	at org.eclipse.aether.impl.DefaultServiceLocator$Entry.newInstance(DefaultServiceLocator.java:163)
	at org.eclipse.aether.impl.DefaultServiceLocator$Entry.getInstances(DefaultServiceLocator.java:133)
	at org.eclipse.aether.impl.DefaultServiceLocator.getServices(DefaultServiceLocator.java:285)
	at org.eclipse.aether.internal.impl.DefaultRepositoryConnectorProvider.initService(DefaultRepositoryConnectorProvider.java:80)
	at org.eclipse.aether.impl.DefaultServiceLocator$Entry.newInstance(DefaultServiceLocator.java:163)
	at org.eclipse.aether.impl.DefaultServiceLocator$Entry.getInstances(DefaultServiceLocator.java:133)
	at org.eclipse.aether.impl.DefaultServiceLocator$Entry.getInstance(DefaultServiceLocator.java:119)
	at org.eclipse.aether.impl.DefaultServiceLocator.getService(DefaultServiceLocator.java:279)
	at org.eclipse.aether.internal.impl.DefaultMetadataResolver.initService(DefaultMetadataResolver.java:125)
	at org.eclipse.aether.impl.DefaultServiceLocator$Entry.newInstance(DefaultServiceLocator.java:163)
	at org.eclipse.aether.impl.DefaultServiceLocator$Entry.getInstances(DefaultServiceLocator.java:133)
	at org.eclipse.aether.impl.DefaultServiceLocator$Entry.getInstance(DefaultServiceLocator.java:119)
	at org.eclipse.aether.impl.DefaultServiceLocator.getService(DefaultServiceLocator.java:279)
	at org.apache.maven.repository.internal.DefaultVersionResolver.initService(DefaultVersionResolver.java:121)
	at org.eclipse.aether.impl.DefaultServiceLocator$Entry.newInstance(DefaultServiceLocator.java:163)
	at org.eclipse.aether.impl.DefaultServiceLocator$Entry.getInstances(DefaultServiceLocator.java:133)
	at org.eclipse.aether.impl.DefaultServiceLocator$Entry.getInstance(DefaultServiceLocator.java:119)
	at org.eclipse.aether.impl.DefaultServiceLocator.getService(DefaultServiceLocator.java:279)
	at org.eclipse.aether.internal.impl.DefaultRepositorySystem.initService(DefaultRepositorySystem.java:145)
	at org.eclipse.aether.impl.DefaultServiceLocator$Entry.newInstance(DefaultServiceLocator.java:163)
	at org.eclipse.aether.impl.DefaultServiceLocator$Entry.getInstances(DefaultServiceLocator.java:133)
	at org.eclipse.aether.impl.DefaultServiceLocator$Entry.getInstance(DefaultServiceLocator.java:119)
	at org.eclipse.aether.impl.DefaultServiceLocator.getService(DefaultServiceLocator.java:279)
	at com.clashinspector.ManualRepositorySystemFactory.newRepositorySystem(ManualRepositorySystemFactory.java:46)
	at com.clashinspector.DependencyServiceTest.init(DependencyServiceTest.java:44)
	at sun.reflect.NativeMethodAccessorImpl.invoke0(Native Method)
	at sun.reflect.NativeMethodAccessorImpl.invoke(NativeMethodAccessorImpl.java:57)
	at sun.reflect.DelegatingMethodAccessorImpl.invoke(DelegatingMethodAccessorImpl.java:43)
	at java.lang.reflect.Method.invoke(Method.java:601)
	at org.junit.runners.model.FrameworkMethod$1.runReflectiveCall(FrameworkMethod.java:47)
	at org.junit.internal.runners.model.ReflectiveCallable.run(ReflectiveCallable.java:12)
	at org.junit.runners.model.FrameworkMethod.invokeExplosively(FrameworkMethod.java:44)
	at org.junit.internal.runners.statements.RunBefores.evaluate(RunBefores.java:24)
	at org.junit.runners.ParentRunner.runLeaf(ParentRunner.java:271)
	at org.junit.runners.BlockJUnit4ClassRunner.runChild(BlockJUnit4ClassRunner.java:70)
	at org.junit.runners.BlockJUnit4ClassRunner.runChild(BlockJUnit4ClassRunner.java:50)
	at org.junit.runners.ParentRunner$3.run(ParentRunner.java:238)
	at org.junit.runners.ParentRunner$1.schedule(ParentRunner.java:63)
	at org.junit.runners.ParentRunner.runChildren(ParentRunner.java:236)
	at org.junit.runners.ParentRunner.access$000(ParentRunner.java:53)
	at org.junit.runners.ParentRunner$2.evaluate(ParentRunner.java:229)
	at org.junit.runners.ParentRunner.run(ParentRunner.java:309)
	at org.apache.maven.surefire.junit4.JUnit4Provider.execute(JUnit4Provider.java:252)
	at org.apache.maven.surefire.junit4.JUnit4Provider.executeTestSet(JUnit4Provider.java:141)
	at org.apache.maven.surefire.junit4.JUnit4Provider.invoke(JUnit4Provider.java:112)
	at sun.reflect.NativeMethodAccessorImpl.invoke0(Native Method)
	at sun.reflect.NativeMethodAccessorImpl.invoke(NativeMethodAccessorImpl.java:57)
	at sun.reflect.DelegatingMethodAccessorImpl.invoke(DelegatingMethodAccessorImpl.java:43)
	at java.lang.reflect.Method.invoke(Method.java:601)
	at org.apache.maven.surefire.util.ReflectionUtils.invokeMethodWithArray(ReflectionUtils.java:189)
	at org.apache.maven.surefire.booter.ProviderFactory$ProviderProxy.invoke(ProviderFactory.java:165)
	at org.apache.maven.surefire.booter.ProviderFactory.invokeProvider(ProviderFactory.java:85)
	at org.apache.maven.surefire.booter.ForkedBooter.runSuitesInProcess(ForkedBooter.java:115)
	at org.apache.maven.surefire.booter.ForkedBooter.main(ForkedBooter.java:75)
</system-err>
  </testcase>
</testsuite>